starting build

**********************************************************************

Test build
build project using make

**********************************************************************
Trying to clean project using make clean
make clean
rm -f server.o request.o cs537.o client.o server client output.cgi
Trying to build project using make
make
gcc -g -Wall -o server.o -c server.c
gcc -g -Wall -o request.o -c request.c
gcc -g -Wall -o cs537.o -c cs537.c
gcc -g -Wall -o server server.o request.o cs537.o -lpthread 
gcc -g -Wall -o client.o -c client.c
gcc -g -Wall -o client client.o cs537.o
gcc -g -Wall -o output.cgi output.c


test build PASSED
 (build project using make)

starting basic

**********************************************************************

Test basic
check if the webserver can serve requests

**********************************************************************
Starting server on port 5933
/tmp/tmpokCBmK/p/server 5933 1 1
Connected
Requested
Got response
Read response


test basic PASSED (4 of 4)
 (check if the webserver can serve requests)

starting argport

**********************************************************************

Test argport
invalid port number

**********************************************************************
Starting server on port 22
/tmp/tmpokCBmK/p/server 22 1 1
bind failed
Open_listenfd error: Permission denied


test argport PASSED (2 of 2)
 (invalid port number)

starting nobusywait

**********************************************************************

Test nobusywait
test to make sure you are not busy-waiting

**********************************************************************
Starting server on port 6136
/tmp/tmpokCBmK/p/server 6136 10 1
idle server spent 0 seconds running on CPU


test nobusywait PASSED (15 of 15)
 (test to make sure you are not busy-waiting)

starting pool2

**********************************************************************

Test pool2
check if using a fixed size thread pool

**********************************************************************
Starting server on port 9245
/tmp/tmpokCBmK/p/server 9245 3 8


test pool2 PASSED (5 of 5)
 (check if using a fixed size thread pool)

starting single

**********************************************************************

Test single
single thread serving many requests

**********************************************************************
Starting server on port 9491
/tmp/tmpokCBmK/p/server 9491 1 30


test single PASSED (5 of 5)
 (single thread serving many requests)

starting light

**********************************************************************

Test light
light request load

**********************************************************************
Starting server on port 9238
/tmp/tmpokCBmK/p/server 9238 20 10


test light FAILED (0 of 5)
 (light request load)
 Timelimit (30.0s) exceeded

starting locks

**********************************************************************

Test locks
many concurrent requests to test locking

**********************************************************************
Starting server on port 6347
/tmp/tmpokCBmK/p/server 6347 8 16
Rio_writen error: Broken pipe


test locks FAILED (0 of 5)
 (many concurrent requests to test locking)
 Client failed with error: timed out
 Client failed with error: [Errno 104] Connection reset by peer
 Client failed with error: [Errno 104] Connection reset by peer
 Client failed with error: [Errno 104] Connection reset by peer
 Client failed with error: [Errno 104] Connection reset by peer
 Client failed with error: [Errno 104] Connection reset by peer
 Client failed with error: [Errno 104] Connection reset by peer
 Client failed with error: [Errno 104] Connection reset by peer
 Client failed with error: [Errno 104] Connection reset by peer
 Client failed with error: [Errno 104] Connection reset by peer
 Client failed with error: [Errno 104] Connection reset by peer
 Client failed with error: [Errno 104] Connection reset by peer
 Client failed with error: [Errno 104] Connection reset by peer
 Client failed with error: [Errno 104] Connection reset by peer
 Client failed with error: [Errno 104] Connection reset by peer
 Client failed with error: [Errno 104] Connection reset by peer
 Client failed with error: [Errno 104] Connection reset by peer
 Client failed with error: [Errno 104] Connection reset by peer
 Client failed with error: [Errno 104] Connection reset by peer
 server exited or crashed

starting locks3

**********************************************************************

Test locks3
many concurrent requests to test locking

**********************************************************************
Starting server on port 9430
/tmp/tmpokCBmK/p/server 9430 64 128
Rio_writen error: Broken pipe


test locks3 FAILED (0 of 5)
 (many concurrent requests to test locking)
 Client failed with error: timed out
 Client failed with error: timed out
 Client failed with error: timed out
 Client failed with error: timed out
 Client failed with error: timed out
 Client failed with error: timed out
 Client failed with error: timed out
 Client failed with error: timed out
 Client failed with error: timed out
 Client failed with error: timed out
 Client failed with error: timed out
 Client failed with error: timed out
 Client failed with error: timed out
 Client failed with error: timed out
 Client failed with error: timed out
 Client failed with error: timed out
 Client failed with error: timed out
 Client failed with error: timed out
 Client failed with error: timed out
 Client failed with error: timed out
 Client failed with error: timed out
 Client failed with error: timed out
 Client failed with error: timed out
 Client failed with error: timed out
 Client failed with error: timed out
 Client failed with error: timed out
 Client failed with error: timed out
 Client failed with error: timed out
 Client failed with error: timed out
 Client failed with error: timed out
 Client failed with error: timed out
 Client failed with error: timed out
 Client failed with error: timed out
 Client failed with error: timed out
 Client failed with error: timed out
 Client failed with error: timed out
 Client failed with error: timed out
 Client failed with error: timed out
 Client failed with error: timed out
 Client failed with error: timed out
 Client failed with error: timed out
 Client failed with error: timed out
 Client failed with error: timed out
 Client failed with error: timed out
 Client failed with error: timed out
 Client failed with error: timed out
 Client failed with error: [Errno 104] Connection reset by peer
 Client failed with error: [Errno 104] Connection reset by peer
 Client failed with error: [Errno 104] Connection reset by peer
 server exited or crashed

starting equal2

**********************************************************************

Test equal2
equal buffers and threads

**********************************************************************
Starting server on port 5083
/tmp/tmpokCBmK/p/server 5083 32 32
Rio_writen error: Broken pipe


test equal2 FAILED (0 of 5)
 (equal buffers and threads)
 Client failed with error: timed out
 Client failed with error: timed out
 Client failed with error: timed out
 Client failed with error: timed out
 Client failed with error: timed out
 Client failed with error: timed out
 Client failed with error: timed out
 Client failed with error: timed out
 Client failed with error: timed out
 Client failed with error: timed out
 Client failed with error: timed out
 Client failed with error: timed out
 Client failed with error: [Errno 104] Connection reset by peer
 Client failed with error: [Errno 104] Connection reset by peer
 Client failed with error: [Errno 104] Connection reset by peer
 Client failed with error: [Errno 104] Connection reset by peer
 Client failed with error: [Errno 104] Connection reset by peer
 Client failed with error: [Errno 104] Connection reset by peer
 Client failed with error: [Errno 104] Connection reset by peer
 Client failed with error: [Errno 104] Connection reset by peer
 Client failed with error: [Errno 104] Connection reset by peer
 Client failed with error: [Errno 104] Connection reset by peer
 Client failed with error: [Errno 104] Connection reset by peer
 Client failed with error: [Errno 104] Connection reset by peer
 Client failed with error: [Errno 104] Connection reset by peer
 Client failed with error: [Errno 104] Connection reset by peer
 Client failed with error: [Errno 104] Connection reset by peer
 Client failed with error: [Errno 104] Connection reset by peer
 Client failed with error: [Errno 104] Connection reset by peer
 Client failed with error: [Errno 104] Connection reset by peer
 Client failed with error: [Errno 104] Connection reset by peer
 server exited or crashed

starting fewer

**********************************************************************

Test fewer
fewer buffers than threads

**********************************************************************
Starting server on port 6669
/tmp/tmpokCBmK/p/server 6669 16 8
Rio_writen error: Broken pipe


test fewer FAILED (0 of 5)
 (fewer buffers than threads)
 Client failed with error: timed out
 Client failed with error: timed out
 Client failed with error: timed out
 Client failed with error: timed out
 Client failed with error: timed out
 Client failed with error: timed out
 Client failed with error: timed out
 Client failed with error: timed out
 Client failed with error: timed out
 Client failed with error: timed out
 Client failed with error: timed out
 Client failed with error: [Errno 104] Connection reset by peer
 Client failed with error: [Errno 104] Connection reset by peer
 Client failed with error: [Errno 104] Connection reset by peer
 Client failed with error: [Errno 104] Connection reset by peer
 Client failed with error: [Errno 104] Connection reset by peer
 Client failed with error: [Errno 104] Connection reset by peer
 Client failed with error: [Errno 104] Connection reset by peer
 Client failed with error: [Errno 104] Connection reset by peer
 server exited or crashed

**********************************************************************
Summary:
test build PASSED
 (build project using make)

test basic PASSED (4 of 4)
 (check if the webserver can serve requests)

test argport PASSED (2 of 2)
 (invalid port number)

test nobusywait PASSED (15 of 15)
 (test to make sure you are not busy-waiting)

test pool2 PASSED (5 of 5)
 (check if using a fixed size thread pool)

test single PASSED (5 of 5)
 (single thread serving many requests)

test light FAILED (0 of 5)
 (light request load)
 Timelimit (30.0s) exceeded

test locks FAILED (0 of 5)
 (many concurrent requests to test locking)
 Client failed with error: timed out
 Client failed with error: [Errno 104] Connection reset by peer
 Client failed with error: [Errno 104] Connection reset by peer
 Client failed with error: [Errno 104] Connection reset by peer
 Client failed with error: [Errno 104] Connection reset by peer
 Client failed with error: [Errno 104] Connection reset by peer
 Client failed with error: [Errno 104] Connection reset by peer
 Client failed with error: [Errno 104] Connection reset by peer
 Client failed with error: [Errno 104] Connection reset by peer
 Client failed with error: [Errno 104] Connection reset by peer
 Client failed with error: [Errno 104] Connection reset by peer
 Client failed with error: [Errno 104] Connection reset by peer
 Client failed with error: [Errno 104] Connection reset by peer
 Client failed with error: [Errno 104] Connection reset by peer
 Client failed with error: [Errno 104] Connection reset by peer
 Client failed with error: [Errno 104] Connection reset by peer
 Client failed with error: [Errno 104] Connection reset by peer
 Client failed with error: [Errno 104] Connection reset by peer
 Client failed with error: [Errno 104] Connection reset by peer
 server exited or crashed

test locks3 FAILED (0 of 5)
 (many concurrent requests to test locking)
 Client failed with error: timed out
 Client failed with error: timed out
 Client failed with error: timed out
 Client failed with error: timed out
 Client failed with error: timed out
 Client failed with error: timed out
 Client failed with error: timed out
 Client failed with error: timed out
 Client failed with error: timed out
 Client failed with error: timed out
 Client failed with error: timed out
 Client failed with error: timed out
 Client failed with error: timed out
 Client failed with error: timed out
 Client failed with error: timed out
 Client failed with error: timed out
 Client failed with error: timed out
 Client failed with error: timed out
 Client failed with error: timed out
 Client failed with error: timed out
 Client failed with error: timed out
 Client failed with error: timed out
 Client failed with error: timed out
 Client failed with error: timed out
 Client failed with error: timed out
 Client failed with error: timed out
 Client failed with error: timed out
 Client failed with error: timed out
 Client failed with error: timed out
 Client failed with error: timed out
 Client failed with error: timed out
 Client failed with error: timed out
 Client failed with error: timed out
 Client failed with error: timed out
 Client failed with error: timed out
 Client failed with error: timed out
 Client failed with error: timed out
 Client failed with error: timed out
 Client failed with error: timed out
 Client failed with error: timed out
 Client failed with error: timed out
 Client failed with error: timed out
 Client failed with error: timed out
 Client failed with error: timed out
 Client failed with error: timed out
 Client failed with error: timed out
 Client failed with error: [Errno 104] Connection reset by peer
 Client failed with error: [Errno 104] Connection reset by peer
 Client failed with error: [Errno 104] Connection reset by peer
 server exited or crashed

test equal2 FAILED (0 of 5)
 (equal buffers and threads)
 Client failed with error: timed out
 Client failed with error: timed out
 Client failed with error: timed out
 Client failed with error: timed out
 Client failed with error: timed out
 Client failed with error: timed out
 Client failed with error: timed out
 Client failed with error: timed out
 Client failed with error: timed out
 Client failed with error: timed out
 Client failed with error: timed out
 Client failed with error: timed out
 Client failed with error: [Errno 104] Connection reset by peer
 Client failed with error: [Errno 104] Connection reset by peer
 Client failed with error: [Errno 104] Connection reset by peer
 Client failed with error: [Errno 104] Connection reset by peer
 Client failed with error: [Errno 104] Connection reset by peer
 Client failed with error: [Errno 104] Connection reset by peer
 Client failed with error: [Errno 104] Connection reset by peer
 Client failed with error: [Errno 104] Connection reset by peer
 Client failed with error: [Errno 104] Connection reset by peer
 Client failed with error: [Errno 104] Connection reset by peer
 Client failed with error: [Errno 104] Connection reset by peer
 Client failed with error: [Errno 104] Connection reset by peer
 Client failed with error: [Errno 104] Connection reset by peer
 Client failed with error: [Errno 104] Connection reset by peer
 Client failed with error: [Errno 104] Connection reset by peer
 Client failed with error: [Errno 104] Connection reset by peer
 Client failed with error: [Errno 104] Connection reset by peer
 Client failed with error: [Errno 104] Connection reset by peer
 Client failed with error: [Errno 104] Connection reset by peer
 server exited or crashed

test fewer FAILED (0 of 5)
 (fewer buffers than threads)
 Client failed with error: timed out
 Client failed with error: timed out
 Client failed with error: timed out
 Client failed with error: timed out
 Client failed with error: timed out
 Client failed with error: timed out
 Client failed with error: timed out
 Client failed with error: timed out
 Client failed with error: timed out
 Client failed with error: timed out
 Client failed with error: timed out
 Client failed with error: [Errno 104] Connection reset by peer
 Client failed with error: [Errno 104] Connection reset by peer
 Client failed with error: [Errno 104] Connection reset by peer
 Client failed with error: [Errno 104] Connection reset by peer
 Client failed with error: [Errno 104] Connection reset by peer
 Client failed with error: [Errno 104] Connection reset by peer
 Client failed with error: [Errno 104] Connection reset by peer
 Client failed with error: [Errno 104] Connection reset by peer
 server exited or crashed

Passed 6 of 11 tests.
Overall 6 of 11
Points 31 of 56
